[2025-02-03 21:55:56] Starting system verification...
[2025-02-03 21:55:56] Verifying configuration files...
[2025-02-03 21:55:56] ERROR: Missing required config: .env
[2025-02-03 21:56:38] Starting system verification...
[2025-02-03 21:56:38] Verifying configuration files...
[2025-02-03 21:56:38] Verifying environment variables...
[2025-02-03 21:57:28] Starting system verification...
[2025-02-03 21:57:28] Verifying configuration files...
[2025-02-03 21:57:28] Verifying environment variables...
[2025-02-03 21:57:52] Starting system verification...
[2025-02-03 21:57:52] Verifying configuration files...
[2025-02-03 21:57:52] Verifying environment variables...
[2025-02-03 21:57:52] Environment variables verified successfully
[2025-02-03 21:57:52] Verifying system resources...
./scripts/verify_system.sh: line 96: free: command not found
./scripts/verify_system.sh: line 97: [: : integer expression expected
df: illegal option -- B
usage: df [-b | -H | -h | -k | -m | -g | -P] [-ailn] [-T type] [-t] [filesystem ...]
./scripts/verify_system.sh: line 101: [: : integer expression expected
[2025-02-03 21:58:16] Starting system verification...
[2025-02-03 21:58:16] Verifying configuration files...
[2025-02-03 21:58:16] Verifying environment variables...
[2025-02-03 21:58:16] Environment variables verified successfully
[2025-02-03 21:58:16] Verifying system resources...
[2025-02-03 21:58:16] System resources verified successfully
[2025-02-03 21:58:16] Verifying network configuration...
Error response from daemon: invalid pool request: Pool overlaps with other one on this address space
[2025-02-03 21:58:40] Starting system verification...
[2025-02-03 21:58:40] Verifying configuration files...
[2025-02-03 21:58:40] Verifying environment variables...
[2025-02-03 21:58:40] Environment variables verified successfully
[2025-02-03 21:58:40] Verifying system resources...
[2025-02-03 21:58:40] System resources verified successfully
[2025-02-03 21:58:40] Verifying network configuration...
[2025-02-03 21:58:40] Creating Docker network 'thedata_net'...
a64fe664686c4eaf3d2ca533ad3efaa1375b18013bace560628e853645a065ea
[2025-02-03 21:58:40] Network configuration verified successfully
[2025-02-03 21:58:40] Verifying certificates...
Certificate will not expire
[2025-02-03 21:58:41] Verifying Docker configuration...
Error response from daemon: pull access denied for materialize/materialize, repository does not exist or may require 'docker login'
[2025-02-03 22:00:00] ERROR: Failed to pull Docker image: materialize/materialize:v0.26.7
[2025-02-03 22:00:22] Starting system verification...
[2025-02-03 22:00:22] Verifying configuration files...
[2025-02-03 22:00:22] Verifying environment variables...
[2025-02-03 22:00:22] Environment variables verified successfully
[2025-02-03 22:00:22] Verifying system resources...
[2025-02-03 22:00:22] System resources verified successfully
[2025-02-03 22:00:22] Verifying network configuration...
[2025-02-03 22:00:22] Network configuration verified successfully
[2025-02-03 22:00:22] Verifying certificates...
Certificate will not expire
[2025-02-03 22:00:23] Verifying Docker configuration...
[2025-02-03 22:00:24] Docker daemon is running
[2025-02-03 22:00:24] Docker Compose is installed
[2025-02-03 22:00:24] Verifying Docker images...
[2025-02-03 22:00:24] Pulling image: nats:2.10.5
[2025-02-03 22:00:27] Pulling image: materialize/materialize:v0.26.7
Error response from daemon: pull access denied for materialize/materialize, repository does not exist or may require 'docker login'
[2025-02-03 22:00:29] ERROR: Failed to pull Docker image: materialize/materialize:v0.26.7
[2025-02-03 22:00:50] Starting system verification...
[2025-02-03 22:00:50] Verifying configuration files...
[2025-02-03 22:00:50] Verifying environment variables...
[2025-02-03 22:00:50] Environment variables verified successfully
[2025-02-03 22:00:50] Verifying system resources...
[2025-02-03 22:00:50] System resources verified successfully
[2025-02-03 22:00:50] Verifying network configuration...
[2025-02-03 22:00:51] Network configuration verified successfully
[2025-02-03 22:00:51] Verifying certificates...
Certificate will not expire
[2025-02-03 22:00:51] Verifying Docker configuration...
[2025-02-03 22:00:52] Docker daemon is running
[2025-02-03 22:00:52] Docker Compose is installed
[2025-02-03 22:00:52] Verifying Docker images...
[2025-02-03 22:00:52] Pulling image: nats:2.10.5
[2025-02-03 22:00:55] Pulling image: ghcr.io/materializedview/materialized:v0.26.7
Error response from daemon: failed to resolve reference "ghcr.io/materializedview/materialized:v0.26.7": failed to authorize: failed to fetch anonymous token: unexpected status from GET request to https://ghcr.io/token?scope=repository%3Amaterializedview%2Fmaterialized%3Apull&service=ghcr.io: 403 Forbidden
[2025-02-03 22:00:56] ERROR: Failed to pull Docker image: ghcr.io/materializedview/materialized:v0.26.7
[2025-02-03 22:01:15] Starting system verification...
[2025-02-03 22:01:15] Verifying configuration files...
[2025-02-03 22:01:15] Verifying environment variables...
[2025-02-03 22:01:15] Environment variables verified successfully
[2025-02-03 22:01:15] Verifying system resources...
[2025-02-03 22:01:15] System resources verified successfully
[2025-02-03 22:01:15] Verifying network configuration...
[2025-02-03 22:01:16] Network configuration verified successfully
[2025-02-03 22:01:16] Verifying certificates...
Certificate will not expire
[2025-02-03 22:01:16] Verifying Docker configuration...
[2025-02-03 22:01:17] Docker daemon is running
[2025-02-03 22:01:17] Docker Compose is installed
[2025-02-03 22:01:17] Verifying Docker images...
[2025-02-03 22:01:17] Pulling image: nats:2.10.5
[2025-02-03 22:01:19] Pulling image: materialize/materialized:v0.26.7
Error response from daemon: failed to resolve reference "docker.io/materialize/materialized:v0.26.7": docker.io/materialize/materialized:v0.26.7: not found
[2025-02-03 22:01:21] ERROR: Failed to pull Docker image: materialize/materialized:v0.26.7
[2025-02-03 22:02:40] Starting system verification...
[2025-02-03 22:02:40] Verifying configuration files...
[2025-02-03 22:02:40] Verifying environment variables...
[2025-02-03 22:02:40] Environment variables verified successfully
[2025-02-03 22:02:40] Verifying system resources...
[2025-02-03 22:02:40] System resources verified successfully
[2025-02-03 22:02:40] Verifying network configuration...
[2025-02-03 22:02:40] Network configuration verified successfully
[2025-02-03 22:02:40] Verifying certificates...
Certificate will not expire
[2025-02-03 22:02:40] Verifying Docker configuration...
[2025-02-03 22:02:45] Docker daemon is running
[2025-02-03 22:02:45] Docker Compose is installed
[2025-02-03 22:02:45] Verifying Docker images...
[2025-02-03 22:02:45] Pulling image: nats:2.10.5
[2025-02-03 22:02:48] Pulling image: materialize/materialized:v0.91.0
[2025-02-03 22:06:50] Pulling image: questdb/questdb:7.3.7
[2025-02-03 22:07:12] Pulling image: clickhouse/clickhouse-server:23.8.8.20
[2025-02-03 22:08:15] Pulling image: grafana/grafana:10.2.3
[2025-02-03 22:10:23] Pulling image: prom/prometheus:v2.48.1
[2025-02-03 22:10:46] Pulling image: prom/alertmanager:v0.26.0
[2025-02-03 22:10:57] Pulling image: postgres:15.5
[2025-02-03 22:11:37] Pulling image: traefik:v2.10.7
[2025-02-03 22:12:22] Docker configuration verified successfully
[2025-02-03 22:12:22] System verification completed successfully
[2025-02-03 22:24:04] Starting system verification...
[2025-02-03 22:24:04] Verifying configuration files...
[2025-02-03 22:24:05] Verifying environment variables...
[2025-02-03 22:24:05] ERROR: Required environment variable not set: DAGSTER_CELERY_BROKER_URL
[2025-02-03 22:24:18] Starting system verification...
[2025-02-03 22:24:18] Verifying configuration files...
[2025-02-03 22:24:18] Verifying environment variables...
[2025-02-03 22:24:18] Environment variables verified successfully
[2025-02-03 22:24:19] Verifying system resources...
[2025-02-03 22:24:19] System resources verified successfully
[2025-02-03 22:24:19] Verifying network configuration...
[2025-02-03 22:24:21] Network configuration verified successfully
[2025-02-03 22:24:21] Verifying certificates...
Certificate will not expire
[2025-02-03 22:24:21] Verifying Docker configuration...
[2025-02-03 22:24:47] Docker daemon is running
[2025-02-03 22:24:47] Docker Compose is installed
[2025-02-03 22:24:47] Verifying Docker images...
[2025-02-03 22:24:47] Pulling image: nats:2.10.5
[2025-02-03 22:24:51] Pulling image: materialize/materialized:v0.91.0
[2025-02-03 22:24:53] Pulling image: questdb/questdb:7.3.7
[2025-02-03 22:24:55] Pulling image: clickhouse/clickhouse-server:23.8.8.20
[2025-02-03 22:24:57] Pulling image: grafana/grafana:10.2.3
[2025-02-03 22:24:59] Pulling image: prom/prometheus:v2.48.1
[2025-02-03 22:25:01] Pulling image: prom/alertmanager:v0.26.0
[2025-02-03 22:25:03] Pulling image: postgres:15.5
[2025-02-03 22:25:06] Pulling image: traefik:v2.10.7
[2025-02-03 22:25:08] Docker configuration verified successfully
[2025-02-03 22:25:08] Verifying Dagster configuration...
[2025-02-03 22:25:08] Verifying Dagster Python dependencies...
./scripts/verify_system.sh: line 230: pip: command not found
[2025-02-03 22:25:08] ERROR: Required Python package not installed: dagster
[2025-02-03 22:25:29] Starting system verification...
[2025-02-03 22:25:29] Verifying configuration files...
[2025-02-03 22:25:29] Verifying environment variables...
[2025-02-03 22:25:29] Environment variables verified successfully
[2025-02-03 22:25:29] Verifying system resources...
[2025-02-03 22:25:29] System resources verified successfully
[2025-02-03 22:25:29] Verifying network configuration...
[2025-02-03 22:25:29] Network configuration verified successfully
[2025-02-03 22:25:29] Verifying certificates...
Certificate will not expire
[2025-02-03 22:25:30] Verifying Docker configuration...
[2025-02-03 22:25:54] Docker daemon is running
[2025-02-03 22:25:54] Docker Compose is installed
[2025-02-03 22:25:54] Verifying Docker images...
[2025-02-03 22:25:54] Pulling image: nats:2.10.5
[2025-02-03 22:25:57] Pulling image: materialize/materialized:v0.91.0
[2025-02-03 22:25:59] Pulling image: questdb/questdb:7.3.7
[2025-02-03 22:26:01] Pulling image: clickhouse/clickhouse-server:23.8.8.20
[2025-02-03 22:26:03] Pulling image: grafana/grafana:10.2.3
[2025-02-03 22:26:07] Pulling image: prom/prometheus:v2.48.1
[2025-02-03 22:26:09] Pulling image: prom/alertmanager:v0.26.0
[2025-02-03 22:26:11] Pulling image: postgres:15.5
[2025-02-03 22:26:13] Pulling image: traefik:v2.10.7
[2025-02-03 22:26:15] Docker configuration verified successfully
[2025-02-03 22:26:15] Verifying Dagster configuration...
[2025-02-03 22:26:15] Pulling Dagster Docker image...
Error response from daemon: pull access denied for dagster/dagster-celery, repository does not exist or may require 'docker login'
[2025-02-03 22:26:17] ERROR: Failed to pull Dagster Docker image
[2025-02-03 22:32:22] Starting system verification...
[2025-02-03 22:32:22] Verifying configuration files...
[2025-02-03 22:32:22] Verifying environment variables...
[2025-02-03 22:32:22] Environment variables verified successfully
[2025-02-03 22:32:22] Verifying system resources...
[2025-02-03 22:32:22] System resources verified successfully
[2025-02-03 22:32:22] Verifying network configuration...
[2025-02-03 22:32:23] Network configuration verified successfully
[2025-02-03 22:32:23] Verifying certificates...
Certificate will not expire
[2025-02-03 22:32:24] Verifying Docker configuration...
[2025-02-03 22:34:18] Docker daemon is running
[2025-02-03 22:34:18] Docker Compose is installed
[2025-02-03 22:34:18] Verifying Docker images...
[2025-02-03 22:34:18] Pulling image: nats:2.10.5
[2025-02-03 22:34:22] Pulling image: materialize/materialized:v0.91.0
[2025-02-03 22:34:24] Pulling image: questdb/questdb:7.3.7
[2025-02-03 22:34:25] Pulling image: clickhouse/clickhouse-server:23.8.8.20
[2025-02-03 22:34:27] Pulling image: grafana/grafana:10.2.3
[2025-02-03 22:34:29] Pulling image: prom/prometheus:v2.48.1
[2025-02-03 22:34:31] Pulling image: prom/alertmanager:v0.26.0
[2025-02-03 22:34:32] Pulling image: postgres:15.5
[2025-02-03 22:34:34] Pulling image: traefik:v2.10.7
[2025-02-03 22:34:36] Docker configuration verified successfully
[2025-02-03 22:34:36] Verifying Dagster configuration...
[2025-02-03 22:34:36] Pulling Dagster Docker image...
Error response from daemon: pull access denied for dagster/dagster-celery, repository does not exist or may require 'docker login'
[2025-02-03 22:34:38] ERROR: Failed to pull Dagster Docker image
[2025-02-03 22:35:16] Starting system verification...
[2025-02-03 22:35:16] Verifying configuration files...
[2025-02-03 22:35:16] Verifying environment variables...
[2025-02-03 22:35:16] Environment variables verified successfully
[2025-02-03 22:35:16] Verifying system resources...
[2025-02-03 22:35:16] System resources verified successfully
[2025-02-03 22:35:16] Verifying network configuration...
[2025-02-03 22:35:17] Network configuration verified successfully
[2025-02-03 22:35:17] Verifying certificates...
Certificate will not expire
[2025-02-03 22:35:17] Verifying Docker configuration...
[2025-02-03 22:35:26] Docker daemon is running
[2025-02-03 22:35:26] Docker Compose is installed
[2025-02-03 22:35:26] Verifying Docker images...
[2025-02-03 22:35:26] Pulling image: nats:2.10.5
[2025-02-03 22:35:29] Pulling image: materialize/materialized:v0.91.0
[2025-02-03 22:35:31] Pulling image: questdb/questdb:7.3.7
[2025-02-03 22:35:33] Pulling image: clickhouse/clickhouse-server:23.8.8.20
[2025-02-03 22:35:34] Pulling image: grafana/grafana:10.2.3
[2025-02-03 22:35:36] Pulling image: prom/prometheus:v2.48.1
[2025-02-03 22:35:38] Pulling image: prom/alertmanager:v0.26.0
[2025-02-03 22:35:40] Pulling image: postgres:15.5
[2025-02-03 22:35:42] Pulling image: traefik:v2.10.7
[2025-02-03 22:35:44] Docker configuration verified successfully
[2025-02-03 22:35:44] Verifying Dagster configuration...
[2025-02-03 22:35:44] Pulling Dagster Docker image...
Error response from daemon: pull access denied for dagster/dagster, repository does not exist or may require 'docker login'
[2025-02-03 22:35:45] ERROR: Failed to pull Dagster Docker image
[2025-02-03 22:36:25] Starting system verification...
[2025-02-03 22:36:25] Verifying configuration files...
[2025-02-03 22:36:25] Verifying environment variables...
[2025-02-03 22:36:25] Environment variables verified successfully
[2025-02-03 22:36:25] Verifying system resources...
[2025-02-03 22:36:25] System resources verified successfully
[2025-02-03 22:36:25] Verifying network configuration...
[2025-02-03 22:36:25] Network configuration verified successfully
[2025-02-03 22:36:25] Verifying certificates...
Certificate will not expire
[2025-02-03 22:36:26] Verifying Docker configuration...
[2025-02-03 22:36:27] Docker daemon is running
[2025-02-03 22:36:27] Docker Compose is installed
[2025-02-03 22:36:27] Verifying Docker images...
[2025-02-03 22:36:27] Pulling image: nats:2.10.5
[2025-02-03 22:36:29] Pulling image: materialize/materialized:v0.91.0
[2025-02-03 22:36:31] Pulling image: questdb/questdb:7.3.7
[2025-02-03 22:36:33] Pulling image: clickhouse/clickhouse-server:23.8.8.20
[2025-02-03 22:36:35] Pulling image: grafana/grafana:10.2.3
[2025-02-03 22:36:37] Pulling image: prom/prometheus:v2.48.1
[2025-02-03 22:36:40] Pulling image: prom/alertmanager:v0.26.0
[2025-02-03 22:36:42] Pulling image: postgres:15.5
[2025-02-03 22:36:44] Pulling image: traefik:v2.10.7
[2025-02-03 22:36:46] Docker configuration verified successfully
[2025-02-03 22:36:46] Verifying Dagster configuration...
[2025-02-03 22:36:46] Pulling Dagster Docker image...
Error response from daemon: failed to resolve reference "ghcr.io/dagster-io/dagster:1.5.13": failed to authorize: failed to fetch anonymous token: unexpected status from GET request to https://ghcr.io/token?scope=repository%3Adagster-io%2Fdagster%3Apull&service=ghcr.io: 403 Forbidden
[2025-02-03 22:36:47] ERROR: Failed to pull Dagster Docker image
[2025-02-03 22:38:03] Starting system verification...
[2025-02-03 22:38:03] Verifying configuration files...
[2025-02-03 22:38:03] Verifying environment variables...
[2025-02-03 22:38:03] Environment variables verified successfully
[2025-02-03 22:38:03] Verifying system resources...
[2025-02-03 22:38:03] System resources verified successfully
[2025-02-03 22:38:03] Verifying network configuration...
[2025-02-03 22:38:03] Network configuration verified successfully
[2025-02-03 22:38:03] Verifying certificates...
Certificate will not expire
[2025-02-03 22:38:03] Verifying Docker configuration...
[2025-02-03 22:38:05] Docker daemon is running
[2025-02-03 22:38:05] Docker Compose is installed
[2025-02-03 22:38:05] Verifying Docker images...
[2025-02-03 22:38:05] Pulling image: nats:2.10.5
[2025-02-03 22:38:09] Pulling image: materialize/materialized:v0.91.0
[2025-02-03 22:38:10] Pulling image: questdb/questdb:7.3.7
[2025-02-03 22:38:12] Pulling image: clickhouse/clickhouse-server:23.8.8.20
[2025-02-03 22:38:16] Pulling image: grafana/grafana:10.2.3
[2025-02-03 22:38:18] Pulling image: prom/prometheus:v2.48.1
[2025-02-03 22:38:20] Pulling image: prom/alertmanager:v0.26.0
[2025-02-03 22:38:23] Pulling image: postgres:15.5
[2025-02-03 22:38:25] Pulling image: traefik:v2.10.7
[2025-02-03 22:38:26] Docker configuration verified successfully
[2025-02-03 22:38:26] Verifying Dagster configuration...
[2025-02-03 22:38:26] Dagster configuration verified successfully
[2025-02-03 22:38:26] System verification completed successfully
[2025-02-03 22:58:30] Starting system verification...
[2025-02-03 22:58:30] Verifying configuration files...
[2025-02-03 22:58:30] ERROR: Incorrect permissions on config file: config/nats/jetstream.conf
[2025-02-03 22:58:48] Starting system verification...
[2025-02-03 22:58:48] Verifying configuration files...
[2025-02-03 22:58:49] ERROR: Incorrect permissions on config file: config/nats/jetstream.conf
[2025-02-03 22:59:08] Starting system verification...
[2025-02-03 22:59:08] Verifying configuration files...
[2025-02-03 22:59:08] ERROR: Missing required config: config/questdb/server.conf
[2025-02-03 23:03:21] Starting system verification...
[2025-02-03 23:03:21] Verifying configuration files...
[2025-02-03 23:03:21] ERROR: Incorrect permissions on config file: config/nats/jetstream.conf
[2025-02-03 23:07:07] Starting system verification...
[2025-02-03 23:07:07] Verifying configuration files...
[2025-02-03 23:07:07] ERROR: Incorrect permissions on config file: config/nats/jetstream.conf
[2025-02-03 23:10:54] Starting system verification...
[2025-02-03 23:10:54] Verifying configuration files...
[2025-02-03 23:10:54] Verifying environment variables...
[2025-02-03 23:10:54] Environment variables verified successfully
[2025-02-03 23:10:54] Verifying system resources...
[2025-02-03 23:10:54] System resources verified successfully
[2025-02-03 23:10:54] Verifying network configuration...
[2025-02-03 23:10:54] ERROR: Port 5432 is already in use
[2025-02-03 23:11:33] Starting system verification...
[2025-02-03 23:11:33] Verifying configuration files...
[2025-02-03 23:11:33] Verifying environment variables...
[2025-02-03 23:11:33] Environment variables verified successfully
[2025-02-03 23:11:33] Verifying system resources...
[2025-02-03 23:11:33] System resources verified successfully
[2025-02-03 23:11:33] Verifying network configuration...
[2025-02-03 23:11:33] Creating Docker network 'thedata_net'...
24b006beb724d04a6c23976bea63798b30452aab2a089b2e43eaa7431eb51941
[2025-02-03 23:11:33] Network configuration verified successfully
[2025-02-03 23:11:33] Verifying certificates...
Certificate will not expire
[2025-02-03 23:11:34] Verifying Docker configuration...
[2025-02-03 23:11:57] Docker daemon is running
[2025-02-03 23:11:57] Docker Compose is installed
[2025-02-03 23:11:57] Verifying Docker images...
[2025-02-03 23:11:57] Pulling image: nats:2.10.5
[2025-02-03 23:12:00] Pulling image: materialize/materialized:v0.91.0
[2025-02-03 23:12:03] Pulling image: questdb/questdb:7.3.7
[2025-02-03 23:12:07] Pulling image: clickhouse/clickhouse-server:23.8.8.20
[2025-02-03 23:12:10] Pulling image: grafana/grafana:10.2.3
[2025-02-03 23:12:14] Pulling image: prom/prometheus:v2.48.1
[2025-02-03 23:12:16] Pulling image: prom/alertmanager:v0.26.0
[2025-02-03 23:12:19] Pulling image: postgres:15.5
[2025-02-03 23:12:21] Pulling image: traefik:v2.10.7
[2025-02-03 23:12:23] Docker configuration verified successfully
[2025-02-03 23:12:23] Verifying Dagster configuration...
[2025-02-03 23:12:23] Dagster configuration verified successfully
[2025-02-03 23:12:23] System verification completed successfully
[2025-02-04 00:00:25] Starting system verification...
[2025-02-04 00:00:25] Verifying configuration files...
[2025-02-04 00:00:25] Verifying environment variables...
[2025-02-04 00:00:25] Environment variables verified successfully
[2025-02-04 00:00:25] Verifying system resources...
[2025-02-04 00:00:25] System resources verified successfully
[2025-02-04 00:00:25] Verifying network configuration...
[2025-02-04 00:00:26] Network configuration verified successfully
[2025-02-04 00:00:26] Verifying certificates...
Certificate will not expire
[2025-02-04 00:00:27] Verifying Docker configuration...
[2025-02-04 00:01:01] Docker daemon is running
[2025-02-04 00:01:01] Docker Compose is installed
[2025-02-04 00:01:01] Verifying Docker images...
[2025-02-04 00:01:01] Pulling image: nats:2.10.5
[2025-02-04 00:01:06] Pulling image: materialize/materialized:v0.91.0
[2025-02-04 00:01:10] Pulling image: questdb/questdb:7.3.7
[2025-02-04 00:01:21] Pulling image: clickhouse/clickhouse-server:23.8.8.20
[2025-02-04 00:01:29] Pulling image: grafana/grafana:10.2.3
[2025-02-04 00:01:45] Pulling image: prom/prometheus:v2.48.1
[2025-02-04 00:01:49] Pulling image: prom/alertmanager:v0.26.0
[2025-02-04 00:01:51] Pulling image: postgres:15.5
[2025-02-04 00:01:54] Pulling image: traefik:v2.10.7
[2025-02-04 00:01:56] Docker configuration verified successfully
[2025-02-04 00:01:56] Verifying Dagster configuration...
[2025-02-04 00:01:56] Dagster configuration verified successfully
[2025-02-04 00:01:56] Verifying data directories...
[2025-02-04 00:01:56] Creating directory: data/postgres
[2025-02-04 00:01:56] Creating directory: backups
[2025-02-04 00:01:56] Data directories verified successfully
[2025-02-04 00:01:56] Verifying backup configuration...
[2025-02-04 00:01:56] ERROR: Backup script not found
[2025-02-04 00:03:15] Starting system verification...
[2025-02-04 00:03:15] Verifying configuration files...
[2025-02-04 00:03:15] Verifying environment variables...
[2025-02-04 00:03:16] Environment variables verified successfully
[2025-02-04 00:03:16] Verifying system resources...
[2025-02-04 00:03:16] System resources verified successfully
[2025-02-04 00:03:16] Verifying network configuration...
[2025-02-04 00:03:24] Network configuration verified successfully
[2025-02-04 00:03:24] Verifying certificates...
Certificate will not expire
[2025-02-04 00:03:26] Verifying Docker configuration...
[2025-02-04 00:06:57] Docker daemon is running
[2025-02-04 00:07:16] Docker Compose is installed
[2025-02-04 00:07:16] Verifying Docker images...
[2025-02-04 00:07:16] Pulling image: nats:2.10.5
[2025-02-04 00:07:31] Pulling image: materialize/materialized:v0.91.0
[2025-02-04 00:07:34] Pulling image: questdb/questdb:7.3.7
[2025-02-04 00:07:41] Pulling image: clickhouse/clickhouse-server:23.8.8.20
[2025-02-04 00:07:46] Pulling image: grafana/grafana:10.2.3
[2025-02-04 00:07:50] Pulling image: prom/prometheus:v2.48.1
[2025-02-04 00:07:53] Pulling image: prom/alertmanager:v0.26.0
[2025-02-04 00:07:57] Pulling image: postgres:15.5
[2025-02-04 00:08:01] Pulling image: traefik:v2.10.7
[2025-02-04 00:08:04] Docker configuration verified successfully
[2025-02-04 00:08:04] Verifying Dagster configuration...
[2025-02-04 00:08:04] Dagster configuration verified successfully
[2025-02-04 00:08:04] Verifying data directories...
[2025-02-04 00:08:04] Data directories verified successfully
[2025-02-04 00:08:04] Verifying backup configuration...
[2025-02-04 00:08:04] ERROR: Incorrect permissions on backup directory
[2025-02-04 00:08:28] Starting system verification...
[2025-02-04 00:08:28] Verifying configuration files...
[2025-02-04 00:08:28] Verifying environment variables...
[2025-02-04 00:08:28] Environment variables verified successfully
[2025-02-04 00:08:28] Verifying system resources...
[2025-02-04 00:08:28] System resources verified successfully
[2025-02-04 00:08:28] Verifying network configuration...
[2025-02-04 00:08:29] Network configuration verified successfully
[2025-02-04 00:08:29] Verifying certificates...
Certificate will not expire
[2025-02-04 00:08:31] Verifying Docker configuration...
[2025-02-04 00:09:06] Docker daemon is running
[2025-02-04 00:09:07] Docker Compose is installed
[2025-02-04 00:09:07] Verifying Docker images...
[2025-02-04 00:09:07] Pulling image: nats:2.10.5
[2025-02-04 00:09:12] Pulling image: materialize/materialized:v0.91.0
[2025-02-04 00:09:15] Pulling image: questdb/questdb:7.3.7
[2025-02-04 00:09:19] Pulling image: clickhouse/clickhouse-server:23.8.8.20
[2025-02-04 00:09:26] Pulling image: grafana/grafana:10.2.3
[2025-02-04 00:09:30] Pulling image: prom/prometheus:v2.48.1
[2025-02-04 00:09:36] Pulling image: prom/alertmanager:v0.26.0
[2025-02-04 00:09:50] Pulling image: postgres:15.5
[2025-02-04 00:09:53] Pulling image: traefik:v2.10.7
[2025-02-04 00:09:55] Docker configuration verified successfully
[2025-02-04 00:09:55] Verifying Dagster configuration...
[2025-02-04 00:09:55] Dagster configuration verified successfully
[2025-02-04 00:09:55] Verifying data directories...
[2025-02-04 00:09:55] Data directories verified successfully
[2025-02-04 00:09:55] Verifying backup configuration...
[2025-02-04 00:09:55] Backup configuration verified successfully
[2025-02-04 00:09:55] All system verifications completed successfully!
[2025-02-04 00:17:55] Starting system verification...
[2025-02-04 00:17:55] Verifying configuration files...
[2025-02-04 00:17:55] Verifying environment variables...
[2025-02-04 00:17:56] Environment variables verified successfully
[2025-02-04 00:17:56] Verifying system resources...
[2025-02-04 00:17:56] System resources verified successfully
[2025-02-04 00:17:56] Verifying network configuration...
[2025-02-04 00:17:56] Network configuration verified successfully
[2025-02-04 00:17:56] Verifying certificates...
Certificate will not expire
[2025-02-04 00:17:56] Verifying Docker configuration...
[2025-02-04 00:18:57] Docker daemon is running
[2025-02-04 00:18:57] Docker Compose is installed
[2025-02-04 00:18:57] Verifying Docker images...
[2025-02-04 00:18:57] Pulling image: nats:2.10.5
[2025-02-04 00:19:01] Pulling image: materialize/materialized:v0.91.0
[2025-02-04 00:19:04] Pulling image: questdb/questdb:7.3.7
[2025-02-04 00:19:05] Pulling image: clickhouse/clickhouse-server:23.8.8.20
[2025-02-04 00:19:08] Pulling image: grafana/grafana:10.2.3
[2025-02-04 00:19:10] Pulling image: prom/prometheus:v2.48.1
[2025-02-04 00:19:12] Pulling image: prom/alertmanager:v0.26.0
[2025-02-04 00:19:14] Pulling image: postgres:15.5
[2025-02-04 00:19:16] Pulling image: traefik:v2.10.7
[2025-02-04 00:19:18] Docker configuration verified successfully
[2025-02-04 00:19:18] Verifying Dagster configuration...
[2025-02-04 00:19:18] Dagster configuration verified successfully
[2025-02-04 00:19:18] Verifying data directories...
[2025-02-04 00:19:18] Data directories verified successfully
[2025-02-04 00:19:18] Verifying backup configuration...
[2025-02-04 00:19:18] Backup configuration verified successfully
[2025-02-04 00:19:18] All system verifications completed successfully!
